# JRE version: Java(TM) SE Runtime Environment (8.0_25-b17) (build 1.8.0_25-b17)
# Java VM: Java HotSpot(TM) 64-Bit Server VM (25.25-b02 mixed mode linux-amd64 compressed oops)
Heap:
 PSYoungGen      total 593920K, used 261214K [0x000000076cb00000, 0x000000079a780000, 0x00000007c0000000)
  eden space 575488K, 42% used [0x000000076cb00000,0x000000077b81ea60,0x000000078fd00000)
  from space 18432K, 99% used [0x0000000791280000,0x0000000792478fb8,0x0000000792480000)
  to   space 22016K, 0% used [0x000000078fd00000,0x000000078fd00000,0x0000000791280000)
 ParOldGen       total 176128K, used 26623K [0x00000006c6000000, 0x00000006d0c00000, 0x000000076cb00000)
  object space 176128K, 15% used [0x00000006c6000000,0x00000006c79ffe08,0x00000006d0c00000)
 Metaspace       used 48691K, capacity 49650K, committed 49752K, reserved 1093632K
  class space    used 5819K, capacity 6008K, committed 6016K, reserved 1048576K
GC Heap History (10 events):
Event: 5.891 GC heap before
{Heap before GC invocations=6 (full 1):
 PSYoungGen      total 268288K, used 9868K [0x000000076cb00000, 0x000000078dc00000, 0x00000007c0000000)
  eden space 258048K, 0% used [0x000000076cb00000,0x000000076cb00000,0x000000077c700000)
  from space 10240K, 96% used [0x000000077c700000,0x000000077d0a3080,0x000000077d100000)
  to   space 12800K, 0% used [0x000000078cf80000,0x000000078cf80000,0x000000078dc00000)
 ParOldGen       total 171008K, used 56K [0x00000006c6000000, 0x00000006d0700000, 0x000000076cb00000)
  object space 171008K, 0% used [0x00000006c6000000,0x00000006c600e000,0x00000006d0700000)
 Metaspace       used 20928K, capacity 21064K, committed 21248K, reserved 1069056K
  class space    used 2459K, capacity 2512K, committed 2560K, reserved 1048576K
Event: 6.000 GC heap after
Heap after GC invocations=6 (full 1):
 PSYoungGen      total 268288K, used 0K [0x000000076cb00000, 0x000000078dc00000, 0x00000007c0000000)
  eden space 258048K, 0% used [0x000000076cb00000,0x000000076cb00000,0x000000077c700000)
  from space 10240K, 0% used [0x000000077c700000,0x000000077c700000,0x000000077d100000)
  to   space 12800K, 0% used [0x000000078cf80000,0x000000078cf80000,0x000000078dc00000)
 ParOldGen       total 105472K, used 9700K [0x00000006c6000000, 0x00000006cc700000, 0x000000076cb00000)
  object space 105472K, 9% used [0x00000006c6000000,0x00000006c69793f8,0x00000006cc700000)
 Metaspace       used 20928K, capacity 21064K, committed 21248K, reserved 1069056K
  class space    used 2459K, capacity 2512K, committed 2560K, reserved 1048576K
}
Event: 8.170 GC heap before
{Heap before GC invocations=7 (full 1):
 PSYoungGen      total 268288K, used 258048K [0x000000076cb00000, 0x000000078dc00000, 0x00000007c0000000)
  eden space 258048K, 100% used [0x000000076cb00000,0x000000077c700000,0x000000077c700000)
  from space 10240K, 0% used [0x000000077c700000,0x000000077c700000,0x000000077d100000)
  to   space 12800K, 0% used [0x000000078cf80000,0x000000078cf80000,0x000000078dc00000)
 ParOldGen       total 105472K, used 9700K [0x00000006c6000000, 0x00000006cc700000, 0x000000076cb00000)
  object space 105472K, 9% used [0x00000006c6000000,0x00000006c69793f8,0x00000006cc700000)
 Metaspace       used 27218K, capacity 27504K, committed 27648K, reserved 1073152K
  class space    used 3258K, capacity 3308K, committed 3328K, reserved 1048576K
Event: 8.204 GC heap after
Heap after GC invocations=7 (full 1):
 PSYoungGen      total 400896K, used 12783K [0x000000076cb00000, 0x000000078dc00000, 0x00000007c0000000)
  eden space 388096K, 0% used [0x000000076cb00000,0x000000076cb00000,0x0000000784600000)
  from space 12800K, 99% used [0x000000078cf80000,0x000000078dbfbc40,0x000000078dc00000)
  to   space 14848K, 0% used [0x000000078bf00000,0x000000078bf00000,0x000000078cd80000)
 ParOldGen       total 105472K, used 10142K [0x00000006c6000000, 0x00000006cc700000, 0x000000076cb00000)
  object space 105472K, 9% used [0x00000006c6000000,0x00000006c69e7978,0x00000006cc700000)
 Metaspace       used 27218K, capacity 27504K, committed 27648K, reserved 1073152K
  class space    used 3258K, capacity 3308K, committed 3328K, reserved 1048576K
}
Event: 10.053 GC heap before
{Heap before GC invocations=8 (full 1):
 PSYoungGen      total 400896K, used 148747K [0x000000076cb00000, 0x000000078dc00000, 0x00000007c0000000)
  eden space 388096K, 35% used [0x000000076cb00000,0x0000000774fc72f8,0x0000000784600000)
  from space 12800K, 99% used [0x000000078cf80000,0x000000078dbfbc40,0x000000078dc00000)
  to   space 14848K, 0% used [0x000000078bf00000,0x000000078bf00000,0x000000078cd80000)
 ParOldGen       total 105472K, used 10142K [0x00000006c6000000, 0x00000006cc700000, 0x000000076cb00000)
  object space 105472K, 9% used [0x00000006c6000000,0x00000006c69e7978,0x00000006cc700000)
 Metaspace       used 34841K, capacity 35104K, committed 35416K, reserved 1081344K
  class space    used 4167K, capacity 4216K, committed 4224K, reserved 1048576K
Event: 10.082 GC heap after
Heap after GC invocations=8 (full 1):
 PSYoungGen      total 526848K, used 14841K [0x000000076cb00000, 0x0000000792480000, 0x00000007c0000000)
  eden space 512000K, 0% used [0x000000076cb00000,0x000000076cb00000,0x000000078bf00000)
  from space 14848K, 99% used [0x000000078bf00000,0x000000078cd7e708,0x000000078cd80000)
  to   space 18432K, 0% used [0x0000000791280000,0x0000000791280000,0x0000000792480000)
 ParOldGen       total 105472K, used 12687K [0x00000006c6000000, 0x00000006cc700000, 0x000000076cb00000)
  object space 105472K, 12% used [0x00000006c6000000,0x00000006c6c63e38,0x00000006cc700000)
 Metaspace       used 34841K, capacity 35104K, committed 35416K, reserved 1081344K
  class space    used 4167K, capacity 4216K, committed 4224K, reserved 1048576K
}
Event: 10.082 GC heap before
{Heap before GC invocations=9 (full 2):
 PSYoungGen      total 526848K, used 14841K [0x000000076cb00000, 0x0000000792480000, 0x00000007c0000000)
  eden space 512000K, 0% used [0x000000076cb00000,0x000000076cb00000,0x000000078bf00000)
  from space 14848K, 99% used [0x000000078bf00000,0x000000078cd7e708,0x000000078cd80000)
  to   space 18432K, 0% used [0x0000000791280000,0x0000000791280000,0x0000000792480000)
 ParOldGen       total 105472K, used 12687K [0x00000006c6000000, 0x00000006cc700000, 0x000000076cb00000)
  object space 105472K, 12% used [0x00000006c6000000,0x00000006c6c63e38,0x00000006cc700000)
 Metaspace       used 34841K, capacity 35104K, committed 35416K, reserved 1081344K
  class space    used 4167K, capacity 4216K, committed 4224K, reserved 1048576K
Event: 10.191 GC heap after
Heap after GC invocations=9 (full 2):
 PSYoungGen      total 526848K, used 0K [0x000000076cb00000, 0x0000000792480000, 0x00000007c0000000)
  eden space 512000K, 0% used [0x000000076cb00000,0x000000076cb00000,0x000000078bf00000)
  from space 14848K, 0% used [0x000000078bf00000,0x000000078bf00000,0x000000078cd80000)
  to   space 18432K, 0% used [0x0000000791280000,0x0000000791280000,0x0000000792480000)
 ParOldGen       total 176128K, used 24958K [0x00000006c6000000, 0x00000006d0c00000, 0x000000076cb00000)
  object space 176128K, 14% used [0x00000006c6000000,0x00000006c785f990,0x00000006d0c00000)
 Metaspace       used 34839K, capacity 35102K, committed 35416K, reserved 1081344K
  class space    used 4166K, capacity 4215K, committed 4224K, reserved 1048576K
}
Event: 65.268 GC heap before
{Heap before GC invocations=10 (full 2):
 PSYoungGen      total 526848K, used 512000K [0x000000076cb00000, 0x0000000792480000, 0x00000007c0000000)
  eden space 512000K, 100% used [0x000000076cb00000,0x000000078bf00000,0x000000078bf00000)
  from space 14848K, 0% used [0x000000078bf00000,0x000000078bf00000,0x000000078cd80000)
  to   space 18432K, 0% used [0x0000000791280000,0x0000000791280000,0x0000000792480000)
 ParOldGen       total 176128K, used 24958K [0x00000006c6000000, 0x00000006d0c00000, 0x000000076cb00000)
  object space 176128K, 14% used [0x00000006c6000000,0x00000006c785f990,0x00000006d0c00000)
 Metaspace       used 46989K, capacity 47528K, committed 47832K, reserved 1091584K
  class space    used 5673K, capacity 5785K, committed 5888K, reserved 1048576K
Event: 65.318 GC heap after
Heap after GC invocations=10 (full 2):
 PSYoungGen      total 593920K, used 18403K [0x000000076cb00000, 0x000000079a780000, 0x00000007c0000000)
  eden space 575488K, 0% used [0x000000076cb00000,0x000000076cb00000,0x000000078fd00000)
  from space 18432K, 99% used [0x0000000791280000,0x0000000792478fb8,0x0000000792480000)
  to   space 22016K, 0% used [0x000000078fd00000,0x000000078fd00000,0x0000000791280000)
 ParOldGen       total 176128K, used 26623K [0x00000006c6000000, 0x00000006d0c00000, 0x000000076cb00000)
  object space 176128K, 15% used [0x00000006c6000000,0x00000006c79ffe08,0x00000006d0c00000)
 Metaspace       used 46989K, capacity 47528K, committed 47832K, reserved 1091584K
  class space    used 5673K, capacity 5785K, committed 5888K, reserved 1048576K
}

