# JRE version: Java(TM) SE Runtime Environment (8.0_25-b17) (build 1.8.0_25-b17)
# Java VM: Java HotSpot(TM) 64-Bit Server VM (25.25-b02 mixed mode linux-amd64 compressed oops)
Heap:
 PSYoungGen      total 536576K, used 132362K [0x000000076cb00000, 0x000000078f500000, 0x00000007c0000000)
  eden space 523776K, 22% used [0x000000076cb00000,0x0000000773fc5a08,0x000000078ca80000)
  from space 12800K, 99% used [0x000000078df00000,0x000000078eb7cff0,0x000000078eb80000)
  to   space 9728K, 0% used [0x000000078eb80000,0x000000078eb80000,0x000000078f500000)
 ParOldGen       total 180736K, used 25335K [0x00000006c6000000, 0x00000006d1080000, 0x000000076cb00000)
  object space 180736K, 14% used [0x00000006c6000000,0x00000006c78bdfc8,0x00000006d1080000)
 Metaspace       used 48777K, capacity 49540K, committed 49752K, reserved 1093632K
  class space    used 5781K, capacity 5955K, committed 6016K, reserved 1048576K
GC Heap History (10 events):
Event: 7.554 GC heap before
{Heap before GC invocations=7 (full 1):
 PSYoungGen      total 268288K, used 258048K [0x000000076cb00000, 0x000000078dc00000, 0x00000007c0000000)
  eden space 258048K, 100% used [0x000000076cb00000,0x000000077c700000,0x000000077c700000)
  from space 10240K, 0% used [0x000000077c700000,0x000000077c700000,0x000000077d100000)
  to   space 12800K, 0% used [0x000000078cf80000,0x000000078cf80000,0x000000078dc00000)
 ParOldGen       total 106496K, used 9698K [0x00000006c6000000, 0x00000006cc800000, 0x000000076cb00000)
  object space 106496K, 9% used [0x00000006c6000000,0x00000006c6978870,0x00000006cc800000)
 Metaspace       used 27186K, capacity 27440K, committed 27648K, reserved 1073152K
  class space    used 3259K, capacity 3308K, committed 3328K, reserved 1048576K
Event: 7.575 GC heap after
Heap after GC invocations=7 (full 1):
 PSYoungGen      total 390656K, used 12785K [0x000000076cb00000, 0x000000078dc00000, 0x00000007c0000000)
  eden space 377856K, 0% used [0x000000076cb00000,0x000000076cb00000,0x0000000783c00000)
  from space 12800K, 99% used [0x000000078cf80000,0x000000078dbfc7f8,0x000000078dc00000)
  to   space 15360K, 0% used [0x000000078be00000,0x000000078be00000,0x000000078cd00000)
 ParOldGen       total 106496K, used 10212K [0x00000006c6000000, 0x00000006cc800000, 0x000000076cb00000)
  object space 106496K, 9% used [0x00000006c6000000,0x00000006c69f91d0,0x00000006cc800000)
 Metaspace       used 27186K, capacity 27440K, committed 27648K, reserved 1073152K
  class space    used 3259K, capacity 3308K, committed 3328K, reserved 1048576K
}
Event: 9.212 GC heap before
{Heap before GC invocations=8 (full 1):
 PSYoungGen      total 390656K, used 145111K [0x000000076cb00000, 0x000000078dc00000, 0x00000007c0000000)
  eden space 377856K, 35% used [0x000000076cb00000,0x0000000774c39510,0x0000000783c00000)
  from space 12800K, 99% used [0x000000078cf80000,0x000000078dbfc7f8,0x000000078dc00000)
  to   space 15360K, 0% used [0x000000078be00000,0x000000078be00000,0x000000078cd00000)
 ParOldGen       total 106496K, used 10212K [0x00000006c6000000, 0x00000006cc800000, 0x000000076cb00000)
  object space 106496K, 9% used [0x00000006c6000000,0x00000006c69f91d0,0x00000006cc800000)
 Metaspace       used 34794K, capacity 35040K, committed 35416K, reserved 1081344K
  class space    used 4165K, capacity 4216K, committed 4224K, reserved 1048576K
Event: 9.235 GC heap after
Heap after GC invocations=8 (full 1):
 PSYoungGen      total 526336K, used 15349K [0x000000076cb00000, 0x0000000790700000, 0x00000007c0000000)
  eden space 510976K, 0% used [0x000000076cb00000,0x000000076cb00000,0x000000078be00000)
  from space 15360K, 99% used [0x000000078be00000,0x000000078ccfd650,0x000000078cd00000)
  to   space 18944K, 0% used [0x000000078f480000,0x000000078f480000,0x0000000790700000)
 ParOldGen       total 106496K, used 12382K [0x00000006c6000000, 0x00000006cc800000, 0x000000076cb00000)
  object space 106496K, 11% used [0x00000006c6000000,0x00000006c6c178f8,0x00000006cc800000)
 Metaspace       used 34794K, capacity 35040K, committed 35416K, reserved 1081344K
  class space    used 4165K, capacity 4216K, committed 4224K, reserved 1048576K
}
Event: 9.235 GC heap before
{Heap before GC invocations=9 (full 2):
 PSYoungGen      total 526336K, used 15349K [0x000000076cb00000, 0x0000000790700000, 0x00000007c0000000)
  eden space 510976K, 0% used [0x000000076cb00000,0x000000076cb00000,0x000000078be00000)
  from space 15360K, 99% used [0x000000078be00000,0x000000078ccfd650,0x000000078cd00000)
  to   space 18944K, 0% used [0x000000078f480000,0x000000078f480000,0x0000000790700000)
 ParOldGen       total 106496K, used 12382K [0x00000006c6000000, 0x00000006cc800000, 0x000000076cb00000)
  object space 106496K, 11% used [0x00000006c6000000,0x00000006c6c178f8,0x00000006cc800000)
 Metaspace       used 34794K, capacity 35040K, committed 35416K, reserved 1081344K
  class space    used 4165K, capacity 4216K, committed 4224K, reserved 1048576K
Event: 9.347 GC heap after
Heap after GC invocations=9 (full 2):
 PSYoungGen      total 526336K, used 0K [0x000000076cb00000, 0x0000000790700000, 0x00000007c0000000)
  eden space 510976K, 0% used [0x000000076cb00000,0x000000076cb00000,0x000000078be00000)
  from space 15360K, 0% used [0x000000078be00000,0x000000078be00000,0x000000078cd00000)
  to   space 18944K, 0% used [0x000000078f480000,0x000000078f480000,0x0000000790700000)
 ParOldGen       total 180736K, used 24921K [0x00000006c6000000, 0x00000006d1080000, 0x000000076cb00000)
  object space 180736K, 13% used [0x00000006c6000000,0x00000006c7856688,0x00000006d1080000)
 Metaspace       used 34793K, capacity 35038K, committed 35416K, reserved 1081344K
  class space    used 4164K, capacity 4215K, committed 4224K, reserved 1048576K
}
Event: 645.648 GC heap before
{Heap before GC invocations=10 (full 2):
 PSYoungGen      total 526336K, used 510976K [0x000000076cb00000, 0x0000000790700000, 0x00000007c0000000)
  eden space 510976K, 100% used [0x000000076cb00000,0x000000078be00000,0x000000078be00000)
  from space 15360K, 0% used [0x000000078be00000,0x000000078be00000,0x000000078cd00000)
  to   space 18944K, 0% used [0x000000078f480000,0x000000078f480000,0x0000000790700000)
 ParOldGen       total 180736K, used 24921K [0x00000006c6000000, 0x00000006d1080000, 0x000000076cb00000)
  object space 180736K, 13% used [0x00000006c6000000,0x00000006c7856688,0x00000006d1080000)
 Metaspace       used 46481K, capacity 46928K, committed 47448K, reserved 1091584K
  class space    used 5592K, capacity 5687K, committed 5760K, reserved 1048576K
Event: 645.690 GC heap after
Heap after GC invocations=10 (full 2):
 PSYoungGen      total 563712K, used 18929K [0x000000076cb00000, 0x0000000799500000, 0x00000007c0000000)
  eden space 544768K, 0% used [0x000000076cb00000,0x000000076cb00000,0x000000078df00000)
  from space 18944K, 99% used [0x000000078f480000,0x00000007906fc480,0x0000000790700000)
  to   space 22016K, 0% used [0x000000078df00000,0x000000078df00000,0x000000078f480000)
 ParOldGen       total 180736K, used 25327K [0x00000006c6000000, 0x00000006d1080000, 0x000000076cb00000)
  object space 180736K, 14% used [0x00000006c6000000,0x00000006c78bbfc8,0x00000006d1080000)
 Metaspace       used 46481K, capacity 46928K, committed 47448K, reserved 1091584K
  class space    used 5592K, capacity 5687K, committed 5760K, reserved 1048576K
}
Event: 12551.047 GC heap before
{Heap before GC invocations=11 (full 2):
 PSYoungGen      total 563712K, used 563697K [0x000000076cb00000, 0x0000000799500000, 0x00000007c0000000)
  eden space 544768K, 100% used [0x000000076cb00000,0x000000078df00000,0x000000078df00000)
  from space 18944K, 99% used [0x000000078f480000,0x00000007906fc480,0x0000000790700000)
  to   space 22016K, 0% used [0x000000078df00000,0x000000078df00000,0x000000078f480000)
 ParOldGen       total 180736K, used 25327K [0x00000006c6000000, 0x00000006d1080000, 0x000000076cb00000)
  object space 180736K, 14% used [0x00000006c6000000,0x00000006c78bbfc8,0x00000006d1080000)
 Metaspace       used 47557K, capacity 48154K, committed 48216K, reserved 1091584K
  class space    used 5654K, capacity 5758K, committed 5760K, reserved 1048576K
Event: 12551.073 GC heap after
Heap after GC invocations=11 (full 2):
 PSYoungGen      total 536576K, used 12787K [0x000000076cb00000, 0x000000078f500000, 0x00000007c0000000)
  eden space 523776K, 0% used [0x000000076cb00000,0x000000076cb00000,0x000000078ca80000)
  from space 12800K, 99% used [0x000000078df00000,0x000000078eb7cff0,0x000000078eb80000)
  to   space 9728K, 0% used [0x000000078eb80000,0x000000078eb80000,0x000000078f500000)
 ParOldGen       total 180736K, used 25335K [0x00000006c6000000, 0x00000006d1080000, 0x000000076cb00000)
  object space 180736K, 14% used [0x00000006c6000000,0x00000006c78bdfc8,0x00000006d1080000)
 Metaspace       used 47557K, capacity 48154K, committed 48216K, reserved 1091584K
  class space    used 5654K, capacity 5758K, committed 5760K, reserved 1048576K
}

